{"type":"server-started","port":61060,"host":"127.0.0.1","url_host":"localhost","url":"http://localhost:61060","screen_dir":"/Users/jinchi/Documents/行册/.superpowers/brainstorm/39826-1781675341/content","state_dir":"/Users/jinchi/Documents/行册/.superpowers/brainstorm/39826-1781675341/state"}
{"type":"screen-added","file":"/Users/jinchi/Documents/行册/.superpowers/brainstorm/39826-1781675341/content/home-redesign.html"}
{"type":"screen-updated","file":"/Users/jinchi/Documents/行册/.superpowers/brainstorm/39826-1781675341/content/home-redesign.html"}
{"type":"screen-updated","file":"/Users/jinchi/Documents/行册/.superpowers/brainstorm/39826-1781675341/content/home-redesign.html"}
{"type":"screen-updated","file":"/Users/jinchi/Documents/行册/.superpowers/brainstorm/39826-1781675341/content/home-redesign.html"}
{"type":"screen-updated","file":"/Users/jinchi/Documents/行册/.superpowers/brainstorm/39826-1781675341/content/home-redesign.html"}
{"type":"screen-added","file":"/Users/jinchi/Documents/行册/.superpowers/brainstorm/39826-1781675341/content/home-design-options.html"}
{"type":"screen-updated","file":"/Users/jinchi/Documents/行册/.superpowers/brainstorm/39826-1781675341/content/home-design-options.html"}
{"type":"screen-updated","file":"/Users/jinchi/Documents/行册/.superpowers/brainstorm/39826-1781675341/content/home-design-options.html"}
{"type":"screen-updated","file":"/Users/jinchi/Documents/行册/.superpowers/brainstorm/39826-1781675341/content/home-design-options.html"}
{"type":"screen-updated","file":"/Users/jinchi/Documents/行册/.superpowers/brainstorm/39826-1781675341/content/home-design-options.html"}
{"type":"screen-added","file":"/Users/jinchi/Documents/行册/.superpowers/brainstorm/39826-1781675341/content/home-empty-states.html"}
{"type":"screen-updated","file":"/Users/jinchi/Documents/行册/.superpowers/brainstorm/39826-1781675341/content/home-empty-states.html"}
{"type":"screen-updated","file":"/Users/jinchi/Documents/行册/.superpowers/brainstorm/39826-1781675341/content/home-empty-states.html"}
{"type":"screen-updated","file":"/Users/jinchi/Documents/行册/.superpowers/brainstorm/39826-1781675341/content/home-empty-states.html"}
{"type":"screen-added","file":"/Users/jinchi/Documents/行册/.superpowers/brainstorm/39826-1781675341/content/home-final-compare.html"}
{"type":"screen-updated","file":"/Users/jinchi/Documents/行册/.superpowers/brainstorm/39826-1781675341/content/home-final-compare.html"}
{"type":"screen-updated","file":"/Users/jinchi/Documents/行册/.superpowers/brainstorm/39826-1781675341/content/home-final-compare.html"}
{"type":"screen-updated","file":"/Users/jinchi/Documents/行册/.superpowers/brainstorm/39826-1781675341/content/home-final-compare.html"}
{"type":"screen-added","file":"/Users/jinchi/Documents/行册/.superpowers/brainstorm/39826-1781675341/content/home-archive-alternatives.html"}
{"type":"screen-updated","file":"/Users/jinchi/Documents/行册/.superpowers/brainstorm/39826-1781675341/content/home-archive-alternatives.html"}
{"type":"screen-updated","file":"/Users/jinchi/Documents/行册/.superpowers/brainstorm/39826-1781675341/content/home-archive-alternatives.html"}
{"type":"screen-updated","file":"/Users/jinchi/Documents/行册/.superpowers/brainstorm/39826-1781675341/content/home-archive-alternatives.html"}
{"type":"screen-added","file":"/Users/jinchi/Documents/行册/.superpowers/brainstorm/39826-1781675341/content/home-complete.html"}
{"type":"screen-updated","file":"/Users/jinchi/Documents/行册/.superpowers/brainstorm/39826-1781675341/content/home-complete.html"}
{"type":"screen-updated","file":"/Users/jinchi/Documents/行册/.superpowers/brainstorm/39826-1781675341/content/home-complete.html"}
{"type":"screen-updated","file":"/Users/jinchi/Documents/行册/.superpowers/brainstorm/39826-1781675341/content/home-complete.html"}
{"type":"screen-updated","file":"/Users/jinchi/Documents/行册/.superpowers/brainstorm/39826-1781675341/content/home-complete.html"}
{"type":"screen-updated","file":"/Users/jinchi/Documents/行册/.superpowers/brainstorm/39826-1781675341/content/home-redesign.html"}
{"type":"screen-updated","file":"/Users/jinchi/Documents/行册/.superpowers/brainstorm/39826-1781675341/content/home-redesign.html"}
{"type":"screen-updated","file":"/Users/jinchi/Documents/行册/.superpowers/brainstorm/39826-1781675341/content/home-design-options.html"}
{"type":"screen-updated","file":"/Users/jinchi/Documents/行册/.superpowers/brainstorm/39826-1781675341/content/home-empty-states.html"}
{"type":"screen-updated","file":"/Users/jinchi/Documents/行册/.superpowers/brainstorm/39826-1781675341/content/home-empty-states.html"}
{"type":"screen-updated","file":"/Users/jinchi/Documents/行册/.superpowers/brainstorm/39826-1781675341/content/home-final-compare.html"}
{"type":"screen-updated","file":"/Users/jinchi/Documents/行册/.superpowers/brainstorm/39826-1781675341/content/home-archive-alternatives.html"}
{"type":"screen-updated","file":"/Users/jinchi/Documents/行册/.superpowers/brainstorm/39826-1781675341/content/home-archive-alternatives.html"}
{"type":"screen-updated","file":"/Users/jinchi/Documents/行册/.superpowers/brainstorm/39826-1781675341/content/home-complete.html"}
{"type":"screen-updated","file":"/Users/jinchi/Documents/行册/.superpowers/brainstorm/39826-1781675341/content/home-complete.html"}
{"type":"screen-updated","file":"/Users/jinchi/Documents/行册/.superpowers/brainstorm/39826-1781675341/content/home-complete.html"}
{"type":"screen-updated","file":"/Users/jinchi/Documents/行册/.superpowers/brainstorm/39826-1781675341/content/home-complete.html"}
{"type":"screen-updated","file":"/Users/jinchi/Documents/行册/.superpowers/brainstorm/39826-1781675341/content/home-complete.html"}
{"type":"screen-updated","file":"/Users/jinchi/Documents/行册/.superpowers/brainstorm/39826-1781675341/content/home-complete.html"}
